2025-04-26 15:36:12,458 - CNNFearGreedScraper - INFO - CNN恐惧与贪婪指数爬虫已初始化
2025-04-26 15:36:12,459 - CNNFearGreedScraper - INFO - 开始收集CNN恐惧与贪婪指数数据...
2025-04-26 15:36:12,740 - CNNFearGreedScraper - ERROR - 从API获取恐惧与贪婪指数数据时出错: 'str' object has no attribute 'get'
2025-04-26 15:36:13,019 - CNNFearGreedScraper - WARNING - 无法从网页解析恐惧与贪婪指数数据
2025-04-26 15:36:13,020 - CNNFearGreedScraper - ERROR - 无法获取恐惧与贪婪指数数据
2025-04-26 15:36:13,020 - CNNFearGreedScraper - ERROR - 未能获取CNN恐惧与贪婪指数数据
2025-04-26 15:39:06,663 - CNNFearGreedScraper - INFO - CNN恐惧与贪婪指数爬虫已初始化
2025-04-26 15:39:06,663 - CNNFearGreedScraper - INFO - 开始收集CNN恐惧与贪婪指数数据...
2025-04-26 15:39:06,663 - CNNFearGreedScraper - INFO - 尝试多种方法获取CNN恐惧与贪婪指数...
2025-04-26 15:39:06,663 - CNNFearGreedScraper - INFO - 尝试方法: _get_data_from_api
2025-04-26 15:39:07,494 - CNNFearGreedScraper - ERROR - API请求失败，状态码: 404
2025-04-26 15:39:07,494 - CNNFearGreedScraper - INFO - 尝试方法: _get_data_from_alternative_api
2025-04-26 15:39:07,520 - CNNFearGreedScraper - INFO - 备用API响应内容: {"fear_and_greed": {"score": 35.3428571428571, "rating": "fear", "timestamp": "2025-04-25T23:59:55+0...
2025-04-26 15:39:07,522 - CNNFearGreedScraper - INFO - 从备用API获取到恐惧与贪婪指数: 35.3428571428571 (fear)
2025-04-26 15:39:07,565 - CNNFearGreedScraper - INFO - 当前恐惧与贪婪指数数据已保存到 gold_data_unified/sentiment_fear_greed_current_2025-04-26_15-39-07.csv
2025-04-26 15:39:07,568 - CNNFearGreedScraper - INFO - 累积恐惧与贪婪指数数据已更新到 gold_data_unified/fear_greed_cumulative.csv
2025-04-26 15:39:07,568 - CNNFearGreedScraper - INFO - CNN恐惧与贪婪指数数据收集完成
2025-04-26 15:42:06,929 - CNNFearGreedScraper - INFO - CNN恐惧与贪婪指数爬虫已初始化
2025-04-26 15:42:06,929 - CNNFearGreedScraper - INFO - 开始收集CNN恐惧与贪婪指数数据...
2025-04-26 15:42:06,958 - CNNFearGreedScraper - INFO - API响应内容: {"fear_and_greed": {"score": 35.3428571428571, "rating": "fear", "timestamp": "2025-04-25T23:59:55+0...
2025-04-26 15:42:06,960 - CNNFearGreedScraper - INFO - 从API获取到恐惧与贪婪指数: 35.3428571428571 (fear)
2025-04-26 15:42:07,004 - CNNFearGreedScraper - INFO - 当前恐惧与贪婪指数数据已保存到 gold_data_unified/sentiment_fear_greed_current_2025-04-26_15-42-06.csv
2025-04-26 15:42:07,013 - CNNFearGreedScraper - INFO - 累积恐惧与贪婪指数数据已更新到 gold_data_unified/fear_greed_cumulative.csv
2025-04-26 15:42:07,014 - CNNFearGreedScraper - INFO - CNN恐惧与贪婪指数数据收集完成
